2025-06-05 10:10:21 INFO: 使用设备: cuda
2025-06-05 10:10:21 INFO: 使用数据集: cifar100
2025-06-05 10:10:24 INFO: 搜索空间创建完成，使用MobileNetV2架构，针对cifar100数据集
2025-06-05 10:10:24 INFO: 搜索空间: 共 21 个块, 宽度选项: [1.0, 1.2]
2025-06-05 10:10:24 INFO: 操作类型: ['mbconv_3x3_r3', 'mbconv_3x3_r3_se', 'mbconv_3x3_r6', 'mbconv_3x3_r6_se', 'mbconv_5x5_r3', 'mbconv_5x5_r3_se', 'mbconv_5x5_r6', 'mbconv_5x5_r6_se', 'mbconv_7x7_r3', 'mbconv_7x7_r3_se', 'mbconv_7x7_r6', 'mbconv_7x7_r6_se', 'skip_connect', 'zero']
2025-06-05 10:10:24 INFO: 网络结构: [[1, 16, 1, 1], [6, 24, 3, 2], [6, 40, 4, 2], [6, 80, 4, 2], [6, 96, 3, 1], [6, 192, 4, 2], [6, 320, 2, 1]]
2025-06-05 10:10:24 INFO: 类别数: 100, 小输入: True
2025-06-05 10:10:27 INFO: === Generation 1 / 80 ===
2025-06-05 10:10:27 INFO:   当前变异率: 0.1000
2025-06-05 10:10:27 INFO:   子群体 1/3:
2025-06-05 10:10:29 INFO:     [Ind-1] op_codes: [10, 10, 4, 6, 5, 2, 8, 2, 12, 7, 8, 13, 9, 3, 0, 7, 10, 8, 3, 0, 13], width_codes: [0, 0, 0, 0, 1, 0, 1] | fitness(SWAP): 466556.000
2025-06-05 10:10:30 INFO:     [Ind-2] op_codes: [5, 5, 7, 6, 6, 13, 1, 3, 13, 4, 0, 2, 10, 9, 6, 12, 12, 2, 9, 13, 2], width_codes: [0, 1, 1, 1, 0, 0, 0] | fitness(SWAP): 343556.000
2025-06-05 10:10:30 INFO:     [Ind-3] op_codes: [1, 7, 13, 13, 5, 5, 6, 8, 3, 12, 9, 6, 13, 8, 7, 7, 11, 8, 4, 7, 7], width_codes: [0, 0, 0, 1, 1, 1, 0] | fitness(SWAP): 211123.333
2025-06-05 10:10:31 INFO:     [Ind-4] op_codes: [7, 10, 1, 10, 5, 10, 1, 7, 6, 10, 11, 13, 3, 0, 10, 2, 13, 12, 7, 7, 10], width_codes: [0, 1, 0, 0, 1, 1, 0] | fitness(SWAP): 513612.333
2025-06-05 10:10:31 INFO:     [Ind-5] op_codes: [8, 9, 3, 13, 0, 8, 0, 8, 7, 7, 4, 4, 10, 2, 5, 9, 2, 3, 10, 3, 8], width_codes: [0, 0, 0, 1, 1, 0, 0] | fitness(SWAP): 223622.333
2025-06-05 10:10:31 INFO:     [Ind-6] op_codes: [6, 2, 2, 8, 0, 4, 6, 10, 13, 4, 12, 0, 8, 9, 4, 13, 12, 10, 1, 6, 9], width_codes: [0, 1, 0, 1, 0, 1, 1] | fitness(SWAP): 492813.333
2025-06-05 10:10:31 INFO:     [Ind-7] op_codes: [7, 6, 5, 12, 8, 11, 2, 1, 4, 13, 8, 4, 1, 3, 10, 11, 13, 7, 0, 1, 3], width_codes: [1, 1, 1, 1, 0, 1, 0] | fitness(SWAP): 429747.333
2025-06-05 10:10:32 INFO:     [Ind-8] op_codes: [11, 1, 0, 13, 1, 3, 11, 11, 0, 6, 6, 3, 11, 8, 5, 8, 12, 5, 5, 3, 2], width_codes: [1, 1, 0, 0, 0, 0, 0] | fitness(SWAP): 284070.000
2025-06-05 10:10:32 INFO:     [Ind-9] op_codes: [10, 11, 9, 13, 8, 2, 7, 8, 0, 4, 9, 0, 7, 9, 13, 4, 0, 2, 12, 7, 13], width_codes: [1, 0, 0, 0, 1, 0, 0] | fitness(SWAP): 353630.000
2025-06-05 10:10:32 INFO:     [Ind-10] op_codes: [5, 8, 1, 4, 2, 1, 10, 10, 6, 12, 3, 10, 8, 6, 10, 4, 13, 0, 5, 9, 3], width_codes: [0, 0, 0, 1, 1, 0, 1] | fitness(SWAP): 376708.000
2025-06-05 10:10:33 INFO:     [Ind-11] op_codes: [3, 13, 7, 1, 0, 2, 13, 3, 11, 6, 5, 12, 12, 8, 4, 11, 13, 6, 8, 3, 3], width_codes: [0, 0, 0, 1, 1, 0, 0] | fitness(SWAP): 185957.000
2025-06-05 10:10:33 INFO:     [Ind-12] op_codes: [7, 10, 4, 8, 2, 6, 5, 5, 5, 3, 2, 8, 2, 2, 7, 4, 2, 10, 6, 8, 9], width_codes: [0, 0, 1, 0, 0, 0, 0] | fitness(SWAP): 536122.000
2025-06-05 10:10:33 INFO:     [Ind-13] op_codes: [0, 12, 9, 2, 7, 6, 8, 13, 2, 1, 1, 3, 8, 7, 1, 9, 10, 4, 2, 5, 12], width_codes: [0, 1, 1, 0, 1, 1, 1] | fitness(SWAP): 99088.667
2025-06-05 10:10:34 INFO:     [Ind-14] op_codes: [6, 5, 0, 3, 11, 11, 2, 0, 6, 1, 0, 10, 12, 2, 6, 5, 9, 11, 4, 3, 7], width_codes: [1, 0, 1, 1, 0, 0, 0] | fitness(SWAP): 498044.333
2025-06-05 10:10:34 INFO:     [Ind-15] op_codes: [9, 8, 5, 5, 2, 11, 0, 0, 6, 5, 11, 2, 9, 7, 4, 3, 0, 0, 9, 7, 4], width_codes: [1, 0, 1, 1, 0, 0, 0] | fitness(SWAP): 418810.333
2025-06-05 10:10:34 INFO:     [Ind-16] op_codes: [8, 1, 5, 5, 12, 9, 13, 7, 12, 1, 10, 10, 8, 12, 1, 3, 1, 0, 5, 7, 12], width_codes: [1, 1, 1, 0, 0, 1, 0] | fitness(SWAP): 229555.667
2025-06-05 10:10:35 INFO:     [Ind-17] op_codes: [5, 4, 12, 3, 1, 2, 0, 12, 6, 11, 4, 4, 7, 1, 4, 12, 7, 5, 4, 12, 1], width_codes: [0, 0, 0, 1, 1, 0, 1] | fitness(SWAP): 338487.000
2025-06-05 10:10:35 INFO:     [Ind-18] op_codes: [8, 8, 4, 4, 0, 2, 4, 3, 1, 1, 1, 12, 8, 11, 4, 5, 7, 4, 13, 8, 9], width_codes: [1, 0, 1, 1, 0, 1, 0] | fitness(SWAP): 371465.333
2025-06-05 10:10:35 INFO:     [Ind-19] op_codes: [3, 6, 3, 5, 1, 5, 12, 8, 11, 10, 7, 1, 8, 1, 9, 7, 1, 8, 8, 0, 1], width_codes: [0, 1, 0, 1, 1, 1, 1] | fitness(SWAP): 498390.000
2025-06-05 10:10:36 INFO:     [Ind-20] op_codes: [2, 4, 3, 2, 7, 0, 6, 8, 4, 9, 7, 12, 4, 7, 3, 9, 8, 9, 3, 5, 6], width_codes: [0, 0, 0, 1, 0, 1, 1] | fitness(SWAP): 529125.667
2025-06-05 10:10:36 INFO:     [Ind-21] op_codes: [12, 12, 0, 7, 6, 13, 11, 5, 4, 12, 10, 3, 1, 9, 9, 8, 8, 13, 1, 9, 11], width_codes: [1, 0, 1, 0, 1, 0, 0] | fitness(SWAP): 16142.000
2025-06-05 10:10:36 INFO:     [Ind-22] op_codes: [10, 8, 13, 2, 10, 8, 9, 7, 1, 9, 10, 6, 0, 13, 8, 5, 0, 11, 3, 11, 4], width_codes: [0, 1, 0, 1, 0, 1, 1] | fitness(SWAP): 249435.333
2025-06-05 10:10:37 INFO:     [Ind-23] op_codes: [6, 13, 11, 3, 12, 2, 1, 13, 8, 11, 7, 2, 10, 8, 13, 3, 11, 8, 2, 9, 8], width_codes: [0, 0, 0, 1, 0, 1, 0] | fitness(SWAP): 194305.000
2025-06-05 10:10:37 INFO:     [Ind-24] op_codes: [2, 13, 7, 1, 13, 5, 7, 4, 9, 12, 8, 3, 9, 3, 6, 7, 7, 12, 5, 6, 3], width_codes: [0, 0, 0, 1, 0, 1, 1] | fitness(SWAP): 181992.000
2025-06-05 10:10:37 INFO:     [Ind-25] op_codes: [4, 1, 8, 13, 7, 4, 9, 4, 6, 5, 2, 11, 9, 5, 6, 0, 4, 2, 12, 0, 0], width_codes: [0, 1, 0, 1, 0, 1, 0] | fitness(SWAP): 191740.333
2025-06-05 10:10:38 INFO:     [Ind-26] op_codes: [2, 12, 13, 13, 10, 2, 0, 3, 7, 7, 6, 7, 6, 10, 9, 13, 7, 12, 4, 11, 1], width_codes: [0, 0, 0, 1, 0, 1, 0] | fitness(SWAP): 181835.333
2025-06-05 10:10:38 INFO:     [Ind-27] op_codes: [3, 13, 10, 2, 3, 9, 0, 7, 11, 1, 6, 9, 3, 12, 3, 12, 3, 5, 6, 0, 3], width_codes: [1, 1, 1, 0, 0, 0, 0] | fitness(SWAP): 185011.000
2025-06-05 10:10:38 INFO:     [Ind-28] op_codes: [1, 0, 0, 9, 10, 12, 2, 2, 8, 6, 0, 0, 11, 2, 11, 5, 10, 9, 8, 2, 13], width_codes: [0, 0, 1, 1, 0, 1, 1] | fitness(SWAP): 402634.000
2025-06-05 10:10:38 INFO:     [Ind-29] op_codes: [7, 7, 8, 13, 11, 4, 11, 6, 4, 5, 9, 0, 9, 5, 9, 5, 12, 13, 13, 6, 11], width_codes: [0, 0, 0, 0, 1, 0, 0] | fitness(SWAP): 338691.667
2025-06-05 10:10:39 INFO:     [Ind-30] op_codes: [8, 0, 12, 11, 9, 0, 6, 6, 13, 0, 5, 4, 13, 6, 13, 4, 11, 8, 8, 10, 3], width_codes: [0, 1, 1, 0, 1, 0, 1] | fitness(SWAP): 331708.667
2025-06-05 10:10:39 INFO:     [Ind-31] op_codes: [10, 0, 11, 13, 10, 2, 10, 8, 12, 13, 10, 11, 0, 5, 6, 7, 13, 4, 7, 0, 10], width_codes: [0, 1, 1, 1, 0, 1, 0] | fitness(SWAP): 316792.333
2025-06-05 10:10:39 INFO:     [Ind-32] op_codes: [5, 1, 12, 5, 12, 2, 10, 4, 10, 7, 8, 11, 8, 3, 2, 11, 12, 11, 1, 3, 2], width_codes: [1, 0, 0, 1, 1, 0, 0] | fitness(SWAP): 195436.000
2025-06-05 10:10:40 INFO:     [Ind-33] op_codes: [3, 6, 10, 7, 6, 4, 0, 6, 12, 1, 2, 13, 7, 11, 12, 11, 3, 10, 4, 7, 13], width_codes: [0, 1, 0, 0, 0, 0, 1] | fitness(SWAP): 506108.000
2025-06-05 10:10:40 INFO:     Best in SubPop1: op_codes=[7, 10, 4, 8, 2, 6, 5, 5, 5, 3, 2, 8, 2, 2, 7, 4, 2, 10, 6, 8, 9], width_codes=[0, 0, 1, 0, 0, 0, 0], fit=536122.000
2025-06-05 10:10:40 INFO:   子群体 2/3:
2025-06-05 10:10:40 INFO:     [Ind-1] op_codes: [8, 9, 13, 2, 5, 8, 13, 3, 5, 10, 3, 13, 8, 11, 9, 10, 9, 10, 3, 5, 3], width_codes: [1, 0, 1, 0, 1, 0, 1] | fitness(SWAP): 162527.667
2025-06-05 10:10:41 INFO:     [Ind-2] op_codes: [6, 3, 4, 9, 3, 6, 6, 6, 5, 6, 10, 1, 7, 13, 2, 2, 11, 6, 12, 1, 2], width_codes: [0, 1, 1, 1, 1, 1, 0] | fitness(SWAP): 545402.333
2025-06-05 10:10:41 INFO:     [Ind-3] op_codes: [10, 10, 11, 6, 9, 8, 5, 9, 5, 3, 13, 2, 9, 1, 8, 3, 9, 12, 6, 8, 6], width_codes: [0, 0, 1, 0, 0, 0, 1] | fitness(SWAP): 506361.667
2025-06-05 10:10:41 INFO:     [Ind-4] op_codes: [3, 1, 12, 9, 10, 4, 13, 5, 11, 3, 2, 13, 2, 8, 2, 2, 2, 3, 2, 3, 11], width_codes: [1, 0, 1, 0, 0, 0, 1] | fitness(SWAP): 320288.000
2025-06-05 10:10:42 INFO:     [Ind-5] op_codes: [10, 5, 4, 8, 11, 4, 11, 4, 0, 12, 10, 6, 2, 9, 6, 7, 10, 7, 12, 3, 10], width_codes: [1, 0, 0, 1, 1, 0, 0] | fitness(SWAP): 472718.000
2025-06-05 10:10:42 INFO:     [Ind-6] op_codes: [0, 0, 11, 4, 7, 11, 7, 13, 3, 5, 9, 0, 7, 1, 1, 7, 4, 13, 3, 11, 6], width_codes: [0, 1, 1, 0, 0, 1, 0] | fitness(SWAP): 364391.333
2025-06-05 10:10:42 INFO:     [Ind-7] op_codes: [0, 3, 1, 12, 9, 1, 1, 6, 7, 3, 1, 12, 6, 4, 10, 7, 5, 9, 6, 0, 12], width_codes: [1, 0, 1, 1, 0, 0, 0] | fitness(SWAP): 405984.000
2025-06-05 10:10:42 INFO:     [Ind-8] op_codes: [13, 4, 11, 9, 0, 8, 9, 11, 5, 5, 5, 2, 4, 7, 6, 0, 11, 1, 8, 11, 5], width_codes: [1, 1, 1, 1, 0, 0, 0] | fitness(SWAP): 15958.667
2025-06-05 10:10:43 INFO:     [Ind-9] op_codes: [8, 13, 3, 12, 10, 7, 7, 12, 5, 12, 3, 1, 13, 5, 13, 9, 13, 3, 3, 2, 7], width_codes: [1, 0, 0, 1, 1, 0, 1] | fitness(SWAP): 105431.667
2025-06-05 10:10:43 INFO:     [Ind-10] op_codes: [11, 12, 9, 13, 3, 3, 10, 0, 8, 1, 9, 7, 6, 1, 12, 3, 8, 7, 8, 11, 7], width_codes: [1, 1, 1, 0, 1, 1, 1] | fitness(SWAP): 187168.667
2025-06-05 10:10:43 INFO:     [Ind-11] op_codes: [2, 3, 5, 1, 1, 8, 0, 6, 13, 5, 5, 5, 6, 5, 3, 9, 2, 7, 7, 5, 1], width_codes: [1, 0, 1, 0, 0, 0, 1] | fitness(SWAP): 425870.000
2025-06-05 10:10:44 INFO:     [Ind-12] op_codes: [0, 10, 9, 0, 12, 9, 6, 0, 11, 11, 7, 5, 8, 5, 7, 4, 9, 2, 7, 11, 10], width_codes: [0, 1, 0, 0, 0, 0, 0] | fitness(SWAP): 268143.333
2025-06-05 10:10:44 INFO:     [Ind-13] op_codes: [10, 8, 6, 9, 9, 6, 12, 5, 2, 2, 11, 12, 13, 10, 4, 2, 7, 7, 4, 6, 5], width_codes: [0, 0, 1, 0, 0, 1, 1] | fitness(SWAP): 427516.667
2025-06-05 10:10:45 INFO:     [Ind-14] op_codes: [7, 9, 11, 12, 5, 1, 5, 11, 0, 1, 1, 3, 10, 9, 9, 3, 1, 5, 3, 1, 3], width_codes: [0, 1, 0, 0, 1, 1, 1] | fitness(SWAP): 462138.333
2025-06-05 10:10:45 INFO:     [Ind-15] op_codes: [9, 0, 8, 10, 5, 1, 4, 8, 9, 7, 8, 13, 4, 7, 3, 6, 10, 7, 4, 2, 9], width_codes: [1, 0, 0, 1, 1, 1, 1] | fitness(SWAP): 322254.667
2025-06-05 10:10:45 INFO:     [Ind-16] op_codes: [0, 13, 4, 8, 0, 2, 6, 10, 12, 10, 0, 10, 8, 10, 7, 0, 11, 4, 0, 8, 11], width_codes: [1, 0, 0, 1, 1, 1, 0] | fitness(SWAP): 101420.333
2025-06-05 10:10:45 INFO:     [Ind-17] op_codes: [2, 5, 11, 5, 6, 2, 11, 10, 13, 6, 12, 11, 10, 11, 11, 0, 8, 6, 10, 13, 13], width_codes: [1, 1, 1, 1, 0, 0, 0] | fitness(SWAP): 452753.333
2025-06-05 10:10:46 INFO:     [Ind-18] op_codes: [5, 5, 0, 11, 5, 10, 7, 7, 1, 5, 6, 1, 12, 1, 11, 9, 9, 13, 0, 3, 4], width_codes: [1, 1, 0, 0, 0, 1, 1] | fitness(SWAP): 370648.000
2025-06-05 10:10:46 INFO:     [Ind-19] op_codes: [10, 2, 13, 12, 0, 4, 6, 2, 7, 6, 12, 8, 1, 2, 3, 5, 12, 12, 9, 5, 3], width_codes: [0, 0, 0, 0, 0, 0, 1] | fitness(SWAP): 284490.333
2025-06-05 10:10:46 INFO:     [Ind-20] op_codes: [8, 7, 13, 1, 6, 6, 12, 9, 8, 5, 5, 13, 1, 5, 5, 3, 2, 5, 13, 2, 6], width_codes: [1, 1, 0, 0, 0, 0, 1] | fitness(SWAP): 216845.667
2025-06-05 10:10:47 INFO:     [Ind-21] op_codes: [9, 1, 5, 2, 8, 0, 8, 9, 2, 11, 9, 5, 7, 10, 10, 11, 2, 11, 13, 4, 11], width_codes: [1, 0, 0, 0, 0, 0, 0] | fitness(SWAP): 356389.333
2025-06-05 10:10:47 INFO:     [Ind-22] op_codes: [6, 9, 2, 10, 12, 10, 10, 7, 12, 9, 5, 5, 13, 13, 13, 2, 9, 6, 6, 7, 10], width_codes: [1, 1, 1, 1, 0, 0, 0] | fitness(SWAP): 391510.667
2025-06-05 10:10:47 INFO:     [Ind-23] op_codes: [11, 5, 0, 5, 2, 7, 9, 9, 10, 5, 11, 8, 13, 1, 5, 1, 2, 2, 10, 4, 5], width_codes: [0, 0, 0, 1, 0, 1, 1] | fitness(SWAP): 429813.000
2025-06-05 10:10:48 INFO:     [Ind-24] op_codes: [9, 11, 7, 1, 11, 13, 6, 10, 7, 11, 6, 6, 4, 11, 12, 5, 6, 4, 5, 6, 9], width_codes: [0, 0, 1, 0, 0, 0, 0] | fitness(SWAP): 341323.333
2025-06-05 10:10:48 INFO:     [Ind-25] op_codes: [3, 12, 4, 10, 11, 13, 13, 4, 2, 4, 7, 0, 5, 8, 10, 7, 7, 9, 2, 7, 11], width_codes: [1, 1, 0, 0, 0, 0, 1] | fitness(SWAP): 183799.000
2025-06-05 10:10:49 INFO:     [Ind-26] op_codes: [11, 5, 13, 2, 11, 8, 6, 2, 2, 2, 7, 1, 4, 7, 4, 3, 4, 9, 5, 5, 9], width_codes: [0, 0, 1, 0, 0, 0, 0] | fitness(SWAP): 248998.667
2025-06-05 10:10:49 INFO:     [Ind-27] op_codes: [0, 8, 12, 10, 0, 13, 1, 4, 0, 0, 7, 8, 6, 1, 11, 6, 1, 3, 0, 9, 11], width_codes: [0, 0, 0, 1, 1, 0, 0] | fitness(SWAP): 236448.667
2025-06-05 10:10:49 INFO:     [Ind-28] op_codes: [9, 3, 3, 11, 7, 11, 8, 7, 3, 4, 5, 8, 6, 10, 11, 6, 0, 1, 8, 3, 6], width_codes: [0, 1, 0, 1, 0, 1, 1] | fitness(SWAP): 541659.667
2025-06-05 10:10:50 INFO:     [Ind-29] op_codes: [4, 0, 12, 11, 13, 6, 1, 7, 0, 2, 11, 7, 9, 2, 9, 6, 9, 1, 11, 6, 5], width_codes: [0, 0, 0, 1, 0, 0, 1] | fitness(SWAP): 227207.667
2025-06-05 10:10:50 INFO:     [Ind-30] op_codes: [0, 8, 3, 4, 4, 3, 12, 4, 4, 1, 4, 12, 13, 4, 2, 12, 13, 8, 1, 6, 9], width_codes: [0, 1, 1, 0, 1, 1, 0] | fitness(SWAP): 328531.667
2025-06-05 10:10:50 INFO:     [Ind-31] op_codes: [9, 0, 4, 12, 6, 0, 5, 9, 3, 2, 5, 0, 4, 11, 9, 12, 9, 0, 8, 10, 9], width_codes: [0, 1, 1, 0, 1, 0, 1] | fitness(SWAP): 337261.667
2025-06-05 10:10:50 INFO:     [Ind-32] op_codes: [3, 6, 7, 0, 10, 8, 3, 9, 9, 2, 11, 8, 12, 2, 12, 0, 13, 7, 2, 8, 8], width_codes: [0, 1, 0, 0, 1, 1, 0] | fitness(SWAP): 513663.667
2025-06-05 10:10:51 INFO:     [Ind-33] op_codes: [12, 9, 2, 3, 12, 12, 9, 13, 7, 3, 6, 0, 4, 0, 5, 8, 11, 1, 3, 9, 11], width_codes: [1, 1, 0, 0, 1, 1, 1] | fitness(SWAP): 16115.000
2025-06-05 10:10:51 INFO:     Best in SubPop2: op_codes=[6, 3, 4, 9, 3, 6, 6, 6, 5, 6, 10, 1, 7, 13, 2, 2, 11, 6, 12, 1, 2], width_codes=[0, 1, 1, 1, 1, 1, 0], fit=545402.333
2025-06-05 10:10:51 INFO:   子群体 3/3:
2025-06-05 10:10:51 INFO:     [Ind-1] op_codes: [2, 11, 1, 4, 12, 4, 5, 3, 7, 13, 2, 6, 1, 9, 10, 13, 4, 8, 1, 5, 10], width_codes: [1, 0, 0, 0, 0, 1, 0] | fitness(SWAP): 352221.333
2025-06-05 10:10:51 INFO:     [Ind-2] op_codes: [6, 11, 5, 9, 1, 8, 6, 12, 2, 2, 4, 6, 7, 7, 0, 3, 11, 5, 6, 1, 1], width_codes: [1, 0, 0, 0, 1, 1, 1] | fitness(SWAP): 541330.000
2025-06-05 10:10:52 INFO:     [Ind-3] op_codes: [8, 12, 13, 11, 13, 9, 1, 5, 9, 7, 5, 13, 5, 11, 4, 11, 13, 11, 2, 1, 12], width_codes: [0, 1, 0, 1, 0, 1, 1] | fitness(SWAP): 107417.667
2025-06-05 10:10:52 INFO:     [Ind-4] op_codes: [12, 0, 10, 12, 5, 6, 2, 7, 10, 12, 5, 12, 0, 9, 3, 8, 2, 11, 11, 12, 13], width_codes: [1, 0, 1, 1, 0, 0, 1] | fitness(SWAP): 16003.000
2025-06-05 10:10:52 INFO:     [Ind-5] op_codes: [8, 12, 0, 7, 10, 9, 6, 10, 3, 7, 9, 4, 2, 2, 4, 11, 5, 5, 11, 13, 8], width_codes: [0, 0, 1, 0, 0, 1, 1] | fitness(SWAP): 107110.667
2025-06-05 10:10:52 INFO:     [Ind-6] op_codes: [13, 9, 11, 4, 2, 9, 11, 9, 2, 11, 13, 6, 10, 4, 2, 4, 9, 6, 12, 5, 12], width_codes: [0, 1, 0, 0, 0, 0, 1] | fitness(SWAP): 16029.333
2025-06-05 10:10:53 INFO:     [Ind-7] op_codes: [2, 5, 2, 6, 3, 11, 10, 1, 6, 4, 5, 1, 8, 8, 7, 5, 4, 6, 2, 3, 0], width_codes: [0, 0, 0, 1, 1, 0, 1] | fitness(SWAP): 498682.333
2025-06-05 10:10:53 INFO:     [Ind-8] op_codes: [12, 6, 9, 1, 4, 12, 3, 8, 2, 1, 2, 0, 3, 1, 10, 10, 7, 1, 7, 5, 8], width_codes: [1, 0, 0, 1, 1, 0, 0] | fitness(SWAP): 15986.667
2025-06-05 10:10:53 INFO:     [Ind-9] op_codes: [0, 5, 1, 1, 3, 10, 2, 5, 11, 9, 4, 10, 0, 3, 7, 4, 8, 3, 3, 2, 13], width_codes: [0, 0, 1, 1, 0, 0, 1] | fitness(SWAP): 408616.667
2025-06-05 10:10:54 INFO:     [Ind-10] op_codes: [10, 4, 4, 2, 1, 9, 13, 2, 4, 12, 11, 2, 11, 0, 11, 13, 3, 13, 13, 6, 2], width_codes: [0, 1, 0, 1, 0, 0, 0] | fitness(SWAP): 379066.667
2025-06-05 10:10:54 INFO:     [Ind-11] op_codes: [0, 1, 7, 12, 2, 2, 12, 10, 4, 0, 0, 13, 1, 12, 2, 8, 0, 8, 3, 9, 10], width_codes: [0, 1, 0, 1, 0, 0, 0] | fitness(SWAP): 331712.333
2025-06-05 10:10:54 INFO:     [Ind-12] op_codes: [13, 3, 3, 5, 12, 2, 7, 3, 7, 13, 8, 6, 4, 5, 1, 6, 6, 7, 2, 4, 4], width_codes: [0, 1, 0, 0, 0, 0, 1] | fitness(SWAP): 16119.333
2025-06-05 10:10:54 INFO:     [Ind-13] op_codes: [5, 5, 12, 11, 12, 3, 3, 0, 3, 13, 9, 12, 10, 12, 7, 0, 4, 4, 4, 2, 10], width_codes: [0, 1, 0, 1, 1, 0, 1] | fitness(SWAP): 233758.333
2025-06-05 10:10:55 INFO:     [Ind-14] op_codes: [13, 4, 9, 2, 1, 8, 7, 12, 7, 11, 13, 7, 0, 0, 2, 2, 8, 12, 11, 8, 8], width_codes: [1, 0, 0, 1, 1, 1, 0] | fitness(SWAP): 16065.000
2025-06-05 10:10:55 INFO:     [Ind-15] op_codes: [12, 10, 3, 11, 4, 9, 8, 2, 13, 0, 4, 2, 12, 9, 0, 5, 11, 0, 11, 8, 5], width_codes: [0, 1, 1, 1, 0, 0, 1] | fitness(SWAP): 359861.667
2025-06-05 10:10:55 INFO:     [Ind-16] op_codes: [12, 0, 2, 4, 3, 7, 8, 5, 8, 12, 5, 4, 13, 9, 6, 11, 4, 9, 12, 5, 0], width_codes: [0, 0, 0, 1, 1, 0, 0] | fitness(SWAP): 258722.667
2025-06-05 10:10:55 INFO:     [Ind-17] op_codes: [3, 12, 12, 9, 8, 7, 9, 11, 2, 9, 10, 1, 12, 5, 0, 13, 5, 5, 1, 10, 0], width_codes: [0, 0, 0, 1, 1, 0, 0] | fitness(SWAP): 183823.333
2025-06-05 10:10:56 INFO:     [Ind-18] op_codes: [7, 2, 0, 1, 10, 13, 7, 6, 11, 6, 11, 1, 9, 10, 11, 10, 9, 12, 11, 8, 11], width_codes: [1, 1, 1, 1, 0, 0, 0] | fitness(SWAP): 415885.333
2025-06-05 10:10:56 INFO:     [Ind-19] op_codes: [6, 6, 13, 1, 12, 10, 11, 1, 4, 13, 9, 11, 13, 2, 7, 6, 5, 8, 2, 10, 2], width_codes: [1, 0, 0, 0, 1, 0, 0] | fitness(SWAP): 317410.333
2025-06-05 10:10:56 INFO:     [Ind-20] op_codes: [2, 11, 10, 11, 9, 1, 11, 9, 8, 6, 7, 13, 0, 7, 9, 8, 11, 3, 0, 9, 13], width_codes: [0, 0, 1, 1, 0, 1, 1] | fitness(SWAP): 519513.000
2025-06-05 10:10:57 INFO:     [Ind-21] op_codes: [3, 10, 5, 10, 4, 10, 7, 11, 9, 0, 0, 12, 2, 0, 4, 2, 7, 3, 5, 11, 0], width_codes: [1, 1, 1, 1, 1, 0, 1] | fitness(SWAP): 607558.000
2025-06-05 10:10:57 INFO:     [Ind-22] op_codes: [8, 11, 0, 3, 9, 11, 13, 11, 3, 11, 7, 8, 8, 7, 1, 3, 2, 13, 11, 7, 7], width_codes: [1, 1, 1, 1, 1, 1, 1] | fitness(SWAP): 338412.000
2025-06-05 10:10:58 INFO:     [Ind-23] op_codes: [2, 10, 2, 13, 5, 2, 4, 7, 13, 0, 13, 3, 8, 7, 12, 0, 6, 12, 0, 9, 11], width_codes: [1, 1, 1, 1, 1, 1, 1] | fitness(SWAP): 368950.667
2025-06-05 10:10:58 INFO:     [Ind-24] op_codes: [8, 4, 2, 6, 1, 13, 10, 8, 3, 5, 7, 7, 12, 12, 0, 3, 9, 5, 6, 1, 2], width_codes: [1, 1, 1, 0, 1, 1, 1] | fitness(SWAP): 331096.667
2025-06-05 10:10:58 INFO:     [Ind-25] op_codes: [13, 6, 5, 2, 1, 7, 4, 4, 8, 8, 12, 2, 9, 11, 7, 5, 6, 7, 4, 5, 1], width_codes: [0, 1, 0, 0, 0, 0, 0] | fitness(SWAP): 16095.000
2025-06-05 10:10:58 INFO:     [Ind-26] op_codes: [12, 0, 9, 10, 8, 7, 5, 5, 4, 0, 11, 0, 4, 6, 7, 13, 6, 5, 0, 0, 6], width_codes: [1, 1, 0, 1, 1, 0, 0] | fitness(SWAP): 16126.667
2025-06-05 10:10:59 INFO:     [Ind-27] op_codes: [4, 4, 5, 2, 7, 9, 4, 13, 3, 11, 6, 5, 12, 2, 8, 1, 8, 10, 12, 11, 5], width_codes: [0, 0, 1, 1, 0, 1, 1] | fitness(SWAP): 318007.000
2025-06-05 10:10:59 INFO:     [Ind-28] op_codes: [11, 1, 6, 9, 10, 13, 0, 5, 1, 13, 5, 4, 8, 7, 4, 3, 10, 3, 3, 8, 9], width_codes: [1, 1, 1, 1, 0, 1, 1] | fitness(SWAP): 398724.000
2025-06-05 10:10:59 INFO:     [Ind-29] op_codes: [0, 0, 0, 0, 1, 12, 3, 8, 0, 2, 5, 6, 2, 9, 13, 5, 1, 0, 13, 0, 6], width_codes: [0, 0, 1, 1, 0, 0, 0] | fitness(SWAP): 321472.000
2025-06-05 10:11:00 INFO:     [Ind-30] op_codes: [7, 8, 2, 7, 6, 4, 7, 3, 3, 5, 13, 5, 4, 4, 13, 6, 4, 3, 4, 0, 6], width_codes: [0, 0, 1, 1, 1, 0, 1] | fitness(SWAP): 508921.667
2025-06-05 10:11:00 INFO:     [Ind-31] op_codes: [10, 4, 6, 1, 11, 1, 5, 6, 8, 1, 12, 4, 5, 5, 11, 6, 2, 8, 9, 3, 1], width_codes: [1, 1, 1, 1, 1, 1, 0] | fitness(SWAP): 534590.667
2025-06-05 10:11:00 INFO:     [Ind-32] op_codes: [6, 8, 8, 10, 11, 9, 13, 6, 13, 9, 2, 8, 8, 13, 4, 8, 3, 0, 6, 9, 9], width_codes: [0, 0, 1, 1, 1, 0, 1] | fitness(SWAP): 389403.000
2025-06-05 10:11:00 INFO:     [Ind-33] op_codes: [12, 3, 2, 7, 1, 0, 2, 12, 7, 3, 9, 13, 11, 8, 1, 11, 9, 10, 12, 13, 4], width_codes: [1, 0, 0, 1, 1, 0, 1] | fitness(SWAP): 15887.667
2025-06-05 10:11:00 INFO:     Best in SubPop3: op_codes=[3, 10, 5, 10, 4, 10, 7, 11, 9, 0, 0, 12, 2, 0, 4, 2, 7, 3, 5, 11, 0], width_codes=[1, 1, 1, 1, 1, 0, 1], fit=607558.000
2025-06-05 10:11:00 INFO: === Generation 2 / 80 ===
2025-06-05 10:11:00 INFO:   当前变异率: 0.0989
2025-06-05 10:11:00 INFO:   子群体 1/3:
2025-06-05 10:11:00 INFO:     [Ind-1] op_codes: [7, 10, 4, 8, 2, 6, 5, 5, 5, 3, 2, 8, 2, 2, 7, 4, 2, 10, 6, 8, 9], width_codes: [0, 0, 1, 0, 0, 0, 0] | fitness(SWAP): 536122.000
2025-06-05 10:11:01 INFO:     [Ind-2] op_codes: [10, 0, 11, 13, 10, 2, 7, 8, 12, 13, 0, 10, 0, 5, 6, 7, 3, 4, 7, 0, 10], width_codes: [0, 1, 0, 1, 0, 1, 0] | fitness(SWAP): 323625.333
2025-06-05 10:11:01 INFO:     [Ind-3] op_codes: [7, 6, 5, 12, 8, 1, 10, 10, 6, 12, 8, 4, 13, 3, 4, 11, 13, 0, 0, 1, 9], width_codes: [1, 0, 1, 1, 1, 0, 0] | fitness(SWAP): 457496.667
2025-06-05 10:11:01 INFO:     [Ind-4] op_codes: [6, 5, 0, 0, 11, 3, 2, 0, 2, 1, 0, 4, 1, 3, 10, 11, 13, 7, 6, 1, 3], width_codes: [1, 1, 1, 1, 1, 1, 0] | fitness(SWAP): 485548.667
2025-06-05 10:11:02 INFO:     [Ind-5] op_codes: [7, 0, 4, 11, 2, 7, 5, 5, 13, 3, 5, 8, 13, 6, 1, 4, 2, 8, 6, 8, 9], width_codes: [0, 1, 1, 0, 0, 0, 0] | fitness(SWAP): 472914.333
2025-06-05 10:11:02 INFO:     [Ind-6] op_codes: [7, 6, 6, 7, 6, 4, 0, 6, 12, 1, 2, 4, 1, 3, 10, 11, 13, 7, 0, 1, 2], width_codes: [1, 1, 1, 0, 0, 1, 0] | fitness(SWAP): 514637.333
2025-06-05 10:11:02 INFO:     [Ind-7] op_codes: [7, 7, 1, 10, 5, 10, 1, 1, 5, 13, 11, 13, 1, 0, 10, 11, 13, 5, 0, 1, 10], width_codes: [0, 1, 0, 1, 1, 1, 0] | fitness(SWAP): 470608.667
2025-06-05 10:11:03 INFO:     [Ind-8] op_codes: [7, 7, 4, 12, 5, 4, 0, 6, 12, 1, 9, 0, 7, 11, 12, 11, 3, 9, 13, 6, 13], width_codes: [0, 0, 0, 0, 1, 0, 0] | fitness(SWAP): 393454.000
2025-06-05 10:11:03 INFO:     [Ind-9] op_codes: [7, 10, 5, 8, 2, 6, 5, 5, 5, 3, 7, 10, 8, 6, 10, 4, 13, 0, 5, 9, 3], width_codes: [0, 0, 0, 1, 1, 0, 1] | fitness(SWAP): 510344.333
2025-06-05 10:11:03 INFO:     [Ind-10] op_codes: [7, 10, 1, 8, 2, 10, 1, 5, 12, 10, 2, 13, 3, 0, 10, 4, 2, 12, 7, 1, 10], width_codes: [0, 1, 0, 0, 1, 1, 0] | fitness(SWAP): 463680.333
2025-06-05 10:11:04 INFO:     [Ind-11] op_codes: [3, 3, 0, 9, 10, 12, 2, 12, 8, 6, 0, 0, 11, 2, 11, 5, 9, 11, 8, 2, 13], width_codes: [0, 0, 1, 1, 0, 0, 1] | fitness(SWAP): 473473.333
2025-06-05 10:11:04 INFO:     [Ind-12] op_codes: [7, 10, 1, 10, 5, 10, 1, 7, 6, 10, 11, 13, 3, 0, 10, 2, 11, 8, 7, 7, 10], width_codes: [0, 1, 0, 0, 1, 1, 0] | fitness(SWAP): 513863.333
2025-06-05 10:11:04 INFO:     [Ind-13] op_codes: [7, 10, 4, 8, 2, 11, 5, 5, 5, 3, 2, 8, 2, 2, 7, 9, 8, 9, 3, 5, 6], width_codes: [0, 0, 1, 0, 0, 0, 1] | fitness(SWAP): 549155.000
2025-06-05 10:11:05 INFO:     [Ind-14] op_codes: [3, 10, 3, 8, 2, 0, 5, 3, 4, 9, 2, 6, 4, 7, 3, 4, 8, 9, 6, 8, 9], width_codes: [0, 0, 1, 0, 0, 1, 0] | fitness(SWAP): 564932.333
2025-06-05 10:11:05 INFO:     [Ind-15] op_codes: [7, 10, 1, 10, 5, 10, 1, 7, 12, 10, 10, 11, 0, 5, 6, 7, 13, 4, 7, 0, 10], width_codes: [0, 1, 1, 0, 1, 1, 1] | fitness(SWAP): 451780.000
2025-06-05 10:11:05 INFO:     [Ind-16] op_codes: [10, 1, 4, 6, 5, 2, 8, 8, 12, 13, 8, 13, 2, 3, 0, 7, 13, 8, 3, 0, 10], width_codes: [0, 1, 1, 0, 0, 1, 1] | fitness(SWAP): 430496.667
2025-06-05 10:11:06 INFO:     [Ind-17] op_codes: [3, 6, 4, 7, 5, 4, 0, 6, 12, 1, 2, 13, 7, 11, 12, 11, 3, 7, 4, 11, 13], width_codes: [0, 0, 0, 0, 1, 0, 1] | fitness(SWAP): 447025.000
2025-06-05 10:11:06 INFO:     [Ind-18] op_codes: [2, 8, 7, 1, 13, 2, 4, 3, 1, 12, 8, 3, 8, 3, 6, 3, 7, 2, 13, 8, 9], width_codes: [1, 0, 1, 1, 0, 1, 0] | fitness(SWAP): 338162.333
2025-06-05 10:11:06 INFO:     [Ind-19] op_codes: [10, 10, 4, 6, 5, 2, 8, 2, 12, 7, 8, 13, 9, 3, 0, 7, 10, 8, 3, 5, 6], width_codes: [0, 0, 0, 1, 0, 1, 1] | fitness(SWAP): 438117.000
2025-06-05 10:11:07 INFO:     [Ind-20] op_codes: [9, 8, 5, 5, 2, 11, 8, 2, 10, 7, 8, 13, 9, 3, 0, 7, 10, 8, 3, 0, 13], width_codes: [1, 0, 1, 0, 1, 0, 1] | fitness(SWAP): 361030.667
2025-06-05 10:11:07 INFO:     [Ind-21] op_codes: [13, 4, 4, 4, 0, 2, 4, 3, 1, 12, 1, 12, 8, 3, 10, 11, 13, 7, 0, 1, 3], width_codes: [1, 0, 1, 1, 0, 1, 0] | fitness(SWAP): 16029.667
2025-06-05 10:11:07 INFO:     [Ind-22] op_codes: [10, 11, 9, 9, 9, 2, 7, 5, 8, 6, 9, 0, 11, 2, 13, 5, 0, 9, 5, 11, 13], width_codes: [1, 0, 1, 0, 1, 1, 1] | fitness(SWAP): 521804.333
2025-06-05 10:11:07 INFO:     [Ind-23] op_codes: [2, 5, 0, 1, 9, 0, 6, 6, 13, 0, 5, 4, 13, 6, 13, 4, 11, 8, 8, 10, 3], width_codes: [1, 1, 1, 0, 1, 0, 1] | fitness(SWAP): 372360.667
2025-06-05 10:11:08 INFO:     [Ind-24] op_codes: [12, 4, 3, 2, 10, 0, 10, 8, 12, 13, 7, 11, 0, 5, 3, 7, 12, 6, 7, 5, 6], width_codes: [0, 1, 1, 1, 0, 1, 0] | fitness(SWAP): 327687.667
2025-06-05 10:11:08 INFO:     [Ind-25] op_codes: [5, 5, 7, 6, 6, 13, 1, 3, 13, 1, 7, 12, 9, 4, 3, 9, 8, 9, 3, 13, 2], width_codes: [0, 1, 1, 1, 0, 0, 0] | fitness(SWAP): 350681.333
2025-06-05 10:11:08 INFO:     [Ind-26] op_codes: [3, 6, 3, 5, 11, 0, 2, 0, 6, 1, 0, 10, 12, 2, 6, 5, 9, 11, 4, 3, 7], width_codes: [0, 1, 0, 1, 1, 1, 0] | fitness(SWAP): 482304.333
2025-06-05 10:11:09 INFO:     [Ind-27] op_codes: [9, 6, 5, 12, 5, 11, 2, 1, 4, 2, 8, 4, 1, 3, 10, 11, 13, 7, 0, 1, 3], width_codes: [1, 1, 1, 0, 0, 1, 0] | fitness(SWAP): 386234.333
2025-06-05 10:11:09 INFO:     [Ind-28] op_codes: [10, 10, 4, 6, 5, 7, 8, 2, 12, 1, 2, 13, 7, 11, 12, 11, 3, 1, 3, 0, 13], width_codes: [0, 0, 0, 0, 0, 0, 1] | fitness(SWAP): 479089.667
2025-06-05 10:11:09 INFO:     [Ind-29] op_codes: [7, 10, 4, 13, 2, 6, 5, 5, 5, 3, 2, 4, 11, 2, 11, 5, 10, 9, 8, 2, 8], width_codes: [0, 0, 1, 1, 0, 1, 1] | fitness(SWAP): 331777.667
2025-06-05 10:11:10 INFO:     [Ind-30] op_codes: [2, 4, 3, 8, 0, 4, 6, 3, 4, 9, 7, 12, 4, 7, 3, 9, 8, 9, 3, 5, 6], width_codes: [0, 0, 0, 1, 0, 1, 1] | fitness(SWAP): 472963.333
2025-06-05 10:11:10 INFO:     [Ind-31] op_codes: [7, 6, 1, 12, 1, 11, 1, 1, 4, 13, 8, 9, 1, 0, 8, 2, 13, 7, 7, 7, 3], width_codes: [1, 1, 0, 1, 0, 1, 0] | fitness(SWAP): 396627.000
2025-06-05 10:11:10 INFO:     [Ind-32] op_codes: [5, 5, 7, 10, 5, 10, 7, 7, 6, 10, 11, 13, 3, 0, 10, 2, 13, 12, 7, 7, 10], width_codes: [0, 1, 0, 1, 0, 0, 0] | fitness(SWAP): 444779.000
2025-06-05 10:11:11 INFO:     [Ind-33] op_codes: [8, 8, 4, 10, 5, 2, 1, 7, 6, 1, 1, 13, 3, 0, 10, 2, 13, 4, 7, 8, 10], width_codes: [1, 1, 0, 0, 0, 1, 1] | fitness(SWAP): 366599.667
2025-06-05 10:11:11 INFO:     Best in SubPop1: op_codes=[3, 10, 3, 8, 2, 0, 5, 3, 4, 9, 2, 6, 4, 7, 3, 4, 8, 9, 6, 8, 9], width_codes=[0, 0, 1, 0, 0, 1, 0], fit=564932.333
2025-06-05 10:11:11 INFO:   子群体 2/3:
2025-06-05 10:11:11 INFO:     [Ind-1] op_codes: [6, 3, 4, 9, 3, 6, 6, 6, 5, 6, 10, 1, 7, 13, 2, 2, 11, 6, 12, 1, 2], width_codes: [0, 1, 1, 1, 1, 1, 0] | fitness(SWAP): 545402.333
2025-06-05 10:11:11 INFO:     [Ind-2] op_codes: [10, 8, 6, 3, 9, 0, 12, 5, 4, 1, 4, 12, 13, 4, 2, 12, 13, 8, 1, 6, 5], width_codes: [0, 0, 1, 0, 1, 1, 1] | fitness(SWAP): 406877.667
2025-06-05 10:11:11 INFO:     [Ind-3] op_codes: [10, 5, 0, 11, 5, 10, 7, 7, 1, 5, 6, 3, 2, 9, 6, 7, 10, 7, 12, 3, 10], width_codes: [1, 0, 0, 0, 0, 0, 0] | fitness(SWAP): 512376.667
2025-06-05 10:11:12 INFO:     [Ind-4] op_codes: [11, 5, 5, 3, 2, 8, 0, 6, 10, 5, 5, 8, 6, 1, 5, 1, 2, 12, 11, 5, 4], width_codes: [1, 0, 1, 1, 0, 1, 1] | fitness(SWAP): 506440.333
2025-06-05 10:11:12 INFO:     [Ind-5] op_codes: [9, 3, 3, 5, 6, 0, 9, 10, 13, 6, 12, 8, 6, 10, 11, 6, 0, 1, 8, 3, 6], width_codes: [0, 1, 1, 1, 0, 0, 1] | fitness(SWAP): 419522.000
2025-06-05 10:11:12 INFO:     [Ind-6] op_codes: [9, 9, 6, 9, 11, 6, 12, 5, 2, 3, 5, 0, 13, 8, 9, 12, 7, 0, 4, 6, 9], width_codes: [0, 0, 1, 0, 1, 0, 1] | fitness(SWAP): 373431.667
2025-06-05 10:11:13 INFO:     [Ind-7] op_codes: [7, 9, 13, 12, 5, 1, 5, 11, 0, 1, 1, 3, 3, 9, 9, 3, 1, 5, 3, 1, 3], width_codes: [0, 1, 0, 1, 0, 1, 1] | fitness(SWAP): 246644.333
2025-06-05 10:11:13 INFO:     [Ind-8] op_codes: [5, 5, 0, 10, 2, 7, 9, 9, 10, 5, 11, 8, 13, 1, 5, 1, 2, 2, 10, 4, 5], width_codes: [1, 1, 0, 0, 0, 1, 0] | fitness(SWAP): 395046.000
2025-06-05 10:11:13 INFO:     [Ind-9] op_codes: [10, 5, 13, 8, 5, 8, 11, 7, 5, 10, 10, 13, 8, 11, 9, 10, 9, 7, 12, 3, 3], width_codes: [1, 0, 1, 0, 1, 0, 1] | fitness(SWAP): 252664.667
2025-06-05 10:11:14 INFO:     [Ind-10] op_codes: [8, 9, 11, 2, 1, 8, 13, 3, 5, 10, 5, 5, 6, 5, 10, 9, 2, 7, 7, 0, 1], width_codes: [1, 0, 1, 0, 1, 0, 1] | fitness(SWAP): 318895.667
2025-06-05 10:11:14 INFO:     [Ind-11] op_codes: [9, 3, 3, 11, 7, 11, 8, 7, 3, 4, 5, 8, 6, 4, 11, 6, 0, 1, 8, 3, 6], width_codes: [0, 1, 0, 1, 0, 1, 1] | fitness(SWAP): 521855.333
2025-06-05 10:11:14 INFO:     [Ind-12] op_codes: [11, 5, 6, 5, 2, 11, 9, 9, 5, 4, 5, 8, 6, 1, 5, 6, 2, 2, 10, 3, 5], width_codes: [0, 0, 0, 1, 0, 0, 1] | fitness(SWAP): 497617.333
2025-06-05 10:11:15 INFO:     [Ind-13] op_codes: [9, 11, 11, 5, 2, 11, 9, 9, 7, 11, 6, 6, 4, 8, 5, 5, 2, 2, 10, 4, 5], width_codes: [0, 0, 0, 1, 0, 0, 1] | fitness(SWAP): 466171.667
2025-06-05 10:11:15 INFO:     [Ind-14] op_codes: [5, 3, 5, 1, 5, 10, 7, 7, 4, 5, 6, 1, 12, 5, 11, 9, 2, 7, 7, 5, 1], width_codes: [1, 0, 0, 0, 0, 1, 1] | fitness(SWAP): 386739.333
2025-06-05 10:11:15 INFO:     [Ind-15] op_codes: [10, 3, 4, 8, 11, 11, 8, 4, 3, 4, 5, 6, 2, 9, 11, 6, 0, 7, 8, 3, 6], width_codes: [0, 1, 1, 1, 0, 0, 0] | fitness(SWAP): 563880.000
2025-06-05 10:11:16 INFO:     [Ind-16] op_codes: [13, 10, 9, 1, 1, 8, 6, 6, 13, 11, 5, 5, 6, 5, 1, 4, 7, 2, 7, 11, 7], width_codes: [0, 0, 1, 0, 0, 0, 0] | fitness(SWAP): 15975.667
2025-06-05 10:11:16 INFO:     [Ind-17] op_codes: [3, 6, 4, 10, 10, 8, 3, 9, 9, 0, 11, 1, 7, 13, 2, 2, 11, 6, 12, 3, 13], width_codes: [0, 1, 0, 1, 1, 0, 0] | fitness(SWAP): 494208.000
2025-06-05 10:11:16 INFO:     [Ind-18] op_codes: [3, 13, 7, 7, 10, 8, 3, 9, 9, 2, 11, 8, 12, 2, 12, 0, 7, 7, 11, 6, 1], width_codes: [0, 1, 1, 0, 1, 1, 1] | fitness(SWAP): 176598.667
2025-06-05 10:11:17 INFO:     [Ind-19] op_codes: [10, 10, 11, 7, 9, 8, 5, 9, 5, 3, 13, 2, 9, 10, 11, 3, 9, 12, 6, 5, 6], width_codes: [0, 0, 1, 0, 0, 1, 1] | fitness(SWAP): 480587.333
2025-06-05 10:11:17 INFO:     [Ind-20] op_codes: [3, 0, 7, 4, 10, 8, 3, 13, 3, 2, 11, 11, 7, 2, 12, 0, 8, 7, 3, 11, 6], width_codes: [0, 1, 1, 0, 1, 1, 0] | fitness(SWAP): 428172.667
2025-06-05 10:11:17 INFO:     [Ind-21] op_codes: [2, 3, 5, 5, 1, 2, 0, 10, 5, 5, 5, 11, 10, 5, 11, 9, 2, 7, 10, 5, 13], width_codes: [1, 0, 1, 1, 0, 0, 0] | fitness(SWAP): 486757.000
2025-06-05 10:11:18 INFO:     [Ind-22] op_codes: [9, 3, 3, 11, 7, 11, 9, 6, 3, 5, 5, 5, 6, 5, 11, 6, 2, 1, 5, 3, 6], width_codes: [1, 1, 1, 0, 0, 0, 1] | fitness(SWAP): 566379.000
2025-06-05 10:11:18 INFO:     [Ind-23] op_codes: [11, 11, 7, 5, 11, 7, 11, 10, 7, 11, 11, 6, 13, 1, 5, 8, 6, 4, 10, 4, 5], width_codes: [1, 0, 0, 1, 0, 1, 0] | fitness(SWAP): 530652.000
2025-06-05 10:11:18 INFO:     [Ind-24] op_codes: [10, 5, 4, 8, 11, 4, 11, 4, 0, 12, 10, 6, 2, 9, 6, 11, 10, 7, 10, 3, 10], width_codes: [1, 0, 0, 1, 1, 0, 0] | fitness(SWAP): 458945.000
2025-06-05 10:11:19 INFO:     [Ind-25] op_codes: [10, 5, 4, 8, 11, 4, 11, 7, 8, 5, 5, 8, 6, 10, 11, 6, 0, 1, 5, 3, 6], width_codes: [1, 0, 0, 1, 1, 0, 0] | fitness(SWAP): 505088.333
2025-06-05 10:11:19 INFO:     [Ind-26] op_codes: [9, 3, 3, 11, 7, 11, 8, 7, 3, 7, 5, 8, 6, 10, 11, 6, 0, 1, 12, 6, 5], width_codes: [0, 1, 1, 0, 0, 1, 0] | fitness(SWAP): 514785.667
2025-06-05 10:11:19 INFO:     [Ind-27] op_codes: [9, 3, 3, 11, 7, 11, 12, 7, 3, 8, 5, 8, 6, 10, 11, 7, 10, 7, 12, 3, 10], width_codes: [0, 1, 0, 1, 1, 0, 0] | fitness(SWAP): 539394.333
2025-06-05 10:11:20 INFO:     [Ind-28] op_codes: [3, 3, 1, 12, 9, 1, 3, 6, 9, 3, 11, 12, 12, 4, 12, 7, 13, 7, 2, 8, 8], width_codes: [0, 0, 0, 1, 1, 0, 0] | fitness(SWAP): 431950.333
2025-06-05 10:11:20 INFO:     [Ind-29] op_codes: [9, 11, 7, 1, 3, 2, 11, 10, 13, 6, 12, 6, 4, 11, 1, 5, 6, 4, 5, 0, 9], width_codes: [0, 1, 1, 1, 0, 0, 0] | fitness(SWAP): 440669.000
2025-06-05 10:11:20 INFO:     [Ind-30] op_codes: [10, 8, 6, 9, 9, 6, 3, 5, 2, 2, 11, 7, 13, 10, 4, 2, 0, 1, 8, 6, 5], width_codes: [0, 0, 1, 0, 0, 1, 1] | fitness(SWAP): 464090.000
2025-06-05 10:11:21 INFO:     [Ind-31] op_codes: [2, 2, 5, 1, 1, 8, 0, 6, 13, 5, 5, 8, 6, 5, 3, 3, 7, 7, 0, 5, 1], width_codes: [1, 0, 1, 0, 0, 0, 1] | fitness(SWAP): 402411.333
2025-06-05 10:11:21 INFO:     [Ind-32] op_codes: [3, 5, 4, 8, 10, 4, 13, 5, 0, 3, 10, 6, 2, 9, 2, 7, 2, 3, 12, 3, 10], width_codes: [1, 0, 1, 1, 0, 0, 0] | fitness(SWAP): 349965.667
2025-06-05 10:11:21 INFO:     [Ind-33] op_codes: [6, 3, 4, 9, 3, 6, 12, 5, 2, 6, 5, 1, 12, 12, 2, 2, 11, 6, 3, 1, 2], width_codes: [0, 0, 1, 1, 1, 1, 0] | fitness(SWAP): 465126.667
2025-06-05 10:11:21 INFO:     Best in SubPop2: op_codes=[9, 3, 3, 11, 7, 11, 9, 6, 3, 5, 5, 5, 6, 5, 11, 6, 2, 1, 5, 3, 6], width_codes=[1, 1, 1, 0, 0, 0, 1], fit=566379.000
2025-06-05 10:11:21 INFO:   子群体 3/3:
2025-06-05 10:11:21 INFO:     [Ind-1] op_codes: [3, 10, 5, 10, 4, 10, 7, 11, 9, 0, 0, 12, 2, 0, 4, 2, 7, 3, 5, 11, 0], width_codes: [1, 1, 1, 1, 1, 0, 1] | fitness(SWAP): 607558.000
2025-06-05 10:11:21 INFO:     [Ind-2] op_codes: [0, 0, 12, 1, 0, 12, 3, 4, 0, 2, 5, 6, 2, 9, 13, 6, 2, 0, 13, 0, 6], width_codes: [0, 1, 1, 1, 0, 0, 0] | fitness(SWAP): 307479.000
2025-06-05 10:11:22 INFO:     [Ind-3] op_codes: [1, 4, 6, 1, 11, 1, 5, 6, 8, 1, 12, 4, 5, 5, 11, 6, 2, 8, 9, 3, 1], width_codes: [1, 1, 1, 0, 1, 1, 0] | fitness(SWAP): 437684.667
2025-06-05 10:11:22 INFO:     [Ind-4] op_codes: [6, 11, 5, 9, 1, 8, 6, 4, 2, 8, 4, 6, 7, 7, 4, 2, 7, 3, 5, 11, 0], width_codes: [0, 0, 0, 0, 1, 1, 1] | fitness(SWAP): 511409.000
2025-06-05 10:11:22 INFO:     [Ind-5] op_codes: [5, 5, 12, 11, 12, 9, 13, 2, 4, 12, 0, 2, 11, 0, 4, 4, 3, 13, 13, 6, 2], width_codes: [0, 1, 0, 1, 0, 0, 0] | fitness(SWAP): 241075.667
2025-06-05 10:11:23 INFO:     [Ind-6] op_codes: [6, 8, 8, 10, 11, 9, 13, 6, 13, 11, 6, 8, 8, 13, 4, 8, 3, 0, 6, 9, 9], width_codes: [0, 0, 1, 1, 1, 1, 1] | fitness(SWAP): 387565.333
2025-06-05 10:11:23 INFO:     [Ind-7] op_codes: [7, 8, 2, 7, 6, 4, 7, 3, 3, 5, 13, 5, 4, 0, 13, 6, 4, 3, 4, 0, 6], width_codes: [0, 0, 1, 1, 0, 0, 1] | fitness(SWAP): 484632.000
2025-06-05 10:11:23 INFO:     [Ind-8] op_codes: [7, 4, 0, 1, 10, 13, 11, 9, 8, 6, 7, 13, 0, 10, 11, 10, 9, 12, 11, 8, 11], width_codes: [1, 1, 1, 1, 0, 0, 0] | fitness(SWAP): 351733.667
2025-06-05 10:11:24 INFO:     [Ind-9] op_codes: [2, 11, 1, 4, 12, 4, 5, 3, 7, 13, 2, 1, 1, 9, 1, 3, 2, 13, 11, 5, 10], width_codes: [1, 0, 1, 0, 0, 1, 0] | fitness(SWAP): 357027.333
2025-06-05 10:11:24 INFO:     [Ind-10] op_codes: [3, 10, 13, 10, 4, 11, 10, 1, 6, 4, 5, 1, 8, 8, 7, 2, 7, 3, 5, 5, 0], width_codes: [1, 1, 0, 1, 1, 0, 1] | fitness(SWAP): 301120.000
2025-06-05 10:11:24 INFO:     [Ind-11] op_codes: [12, 10, 3, 2, 4, 12, 8, 2, 13, 12, 11, 2, 11, 0, 0, 6, 11, 13, 11, 6, 2], width_codes: [0, 1, 1, 1, 0, 0, 0] | fitness(SWAP): 327403.000
2025-06-05 10:11:25 INFO:     [Ind-12] op_codes: [2, 11, 10, 9, 9, 1, 11, 9, 8, 6, 10, 1, 0, 7, 9, 8, 11, 5, 0, 6, 13], width_codes: [0, 0, 1, 1, 0, 1, 0] | fitness(SWAP): 525366.000
2025-06-05 10:11:25 INFO:     [Ind-13] op_codes: [2, 5, 2, 6, 3, 11, 0, 1, 6, 4, 5, 1, 0, 8, 7, 5, 4, 3, 0, 3, 0], width_codes: [0, 0, 0, 1, 1, 0, 1] | fitness(SWAP): 522042.333
2025-06-05 10:11:25 INFO:     [Ind-14] op_codes: [0, 10, 5, 10, 4, 10, 1, 5, 9, 8, 5, 13, 5, 11, 4, 11, 13, 11, 2, 1, 12], width_codes: [1, 1, 1, 1, 1, 0, 1] | fitness(SWAP): 398880.333
2025-06-05 10:11:26 INFO:     [Ind-15] op_codes: [7, 2, 0, 1, 10, 13, 7, 5, 11, 6, 11, 1, 9, 10, 4, 3, 10, 12, 11, 3, 11], width_codes: [1, 1, 1, 1, 0, 0, 0] | fitness(SWAP): 420955.333
2025-06-05 10:11:26 INFO:     [Ind-16] op_codes: [0, 5, 1, 8, 8, 7, 5, 7, 4, 0, 11, 0, 4, 6, 7, 13, 6, 5, 0, 0, 6], width_codes: [0, 1, 0, 1, 1, 0, 0] | fitness(SWAP): 365670.000
2025-06-05 10:11:26 INFO:     [Ind-17] op_codes: [6, 11, 4, 1, 8, 8, 6, 12, 2, 2, 4, 6, 5, 7, 0, 3, 11, 5, 6, 1, 11], width_codes: [1, 1, 1, 1, 1, 0, 0] | fitness(SWAP): 536870.333
2025-06-05 10:11:26 INFO:     [Ind-18] op_codes: [2, 11, 10, 4, 12, 4, 5, 3, 7, 13, 2, 12, 2, 9, 10, 13, 4, 8, 1, 5, 10], width_codes: [1, 0, 0, 1, 0, 1, 0] | fitness(SWAP): 382760.667
2025-06-05 10:11:27 INFO:     [Ind-19] op_codes: [5, 5, 1, 1, 3, 10, 2, 5, 11, 9, 11, 10, 0, 3, 7, 4, 8, 3, 3, 2, 12], width_codes: [0, 0, 1, 1, 0, 1, 1] | fitness(SWAP): 429282.000
2025-06-05 10:11:27 INFO:     [Ind-20] op_codes: [8, 4, 2, 11, 9, 13, 11, 8, 8, 5, 7, 13, 0, 2, 9, 3, 11, 5, 6, 9, 13], width_codes: [1, 0, 1, 1, 0, 1, 1] | fitness(SWAP): 285586.000
2025-06-05 10:11:27 INFO:     [Ind-21] op_codes: [12, 10, 0, 7, 10, 9, 6, 10, 3, 7, 9, 4, 2, 2, 4, 11, 5, 10, 11, 8, 5], width_codes: [0, 1, 0, 1, 0, 1, 1] | fitness(SWAP): 441928.667
2025-06-05 10:11:28 INFO:     [Ind-22] op_codes: [3, 2, 5, 9, 10, 13, 9, 11, 11, 7, 11, 1, 12, 6, 0, 13, 5, 5, 1, 8, 11], width_codes: [1, 0, 1, 1, 1, 0, 0] | fitness(SWAP): 369044.667
2025-06-05 10:11:28 INFO:     [Ind-23] op_codes: [11, 10, 6, 10, 4, 12, 7, 11, 1, 0, 5, 12, 13, 0, 4, 2, 10, 12, 5, 13, 0], width_codes: [1, 1, 1, 1, 0, 0, 1] | fitness(SWAP): 539433.333
2025-06-05 10:11:28 INFO:     [Ind-24] op_codes: [7, 2, 0, 1, 10, 13, 7, 6, 11, 6, 11, 1, 8, 7, 4, 3, 10, 11, 3, 8, 9], width_codes: [1, 1, 1, 1, 0, 1, 1] | fitness(SWAP): 377017.000
2025-06-05 10:11:29 INFO:     [Ind-25] op_codes: [2, 11, 10, 11, 9, 8, 3, 12, 2, 2, 4, 6, 0, 7, 9, 8, 3, 3, 0, 9, 13], width_codes: [0, 0, 0, 1, 0, 1, 1] | fitness(SWAP): 527657.333
2025-06-05 10:11:29 INFO:     [Ind-26] op_codes: [2, 11, 10, 11, 9, 1, 11, 9, 8, 6, 7, 13, 0, 2, 9, 6, 2, 8, 0, 9, 13], width_codes: [0, 1, 1, 1, 1, 1, 1] | fitness(SWAP): 528371.667
2025-06-05 10:11:29 INFO:     [Ind-27] op_codes: [8, 4, 0, 0, 1, 12, 3, 8, 0, 2, 5, 6, 2, 9, 13, 5, 1, 0, 9, 0, 0], width_codes: [1, 1, 1, 1, 1, 1, 0] | fitness(SWAP): 368731.000
2025-06-05 10:11:30 INFO:     [Ind-28] op_codes: [13, 6, 5, 7, 6, 4, 3, 4, 3, 8, 12, 2, 9, 11, 13, 6, 4, 7, 4, 5, 1], width_codes: [0, 0, 1, 1, 1, 0, 1] | fitness(SWAP): 16089.667
2025-06-05 10:11:30 INFO:     [Ind-29] op_codes: [5, 5, 2, 6, 3, 11, 10, 1, 6, 4, 5, 1, 8, 8, 7, 5, 4, 6, 4, 8, 10], width_codes: [0, 1, 0, 1, 1, 0, 1] | fitness(SWAP): 485779.667
2025-06-05 10:11:30 INFO:     [Ind-30] op_codes: [11, 1, 9, 9, 10, 5, 0, 5, 9, 0, 0, 12, 2, 0, 7, 2, 7, 3, 9, 11, 3], width_codes: [1, 1, 1, 1, 0, 1, 1] | fitness(SWAP): 482145.000
2025-06-05 10:11:31 INFO:     [Ind-31] op_codes: [5, 11, 6, 11, 11, 1, 11, 6, 8, 1, 7, 13, 0, 5, 9, 8, 2, 3, 0, 3, 13], width_codes: [0, 0, 1, 1, 1, 1, 0] | fitness(SWAP): 443540.667
2025-06-05 10:11:31 INFO:     [Ind-32] op_codes: [6, 3, 8, 9, 9, 1, 11, 9, 12, 6, 7, 13, 7, 7, 4, 8, 11, 3, 0, 9, 9], width_codes: [0, 0, 1, 1, 0, 0, 1] | fitness(SWAP): 408128.667
2025-06-05 10:11:31 INFO:     [Ind-33] op_codes: [6, 8, 8, 10, 1, 8, 6, 12, 13, 2, 4, 6, 8, 7, 4, 8, 3, 5, 6, 9, 9], width_codes: [0, 0, 1, 1, 1, 1, 1] | fitness(SWAP): 391283.333
2025-06-05 10:11:31 INFO:     Best in SubPop3: op_codes=[3, 10, 5, 10, 4, 10, 7, 11, 9, 0, 0, 12, 2, 0, 4, 2, 7, 3, 5, 11, 0], width_codes=[1, 1, 1, 1, 1, 0, 1], fit=607558.000
2025-06-05 10:11:31 INFO: === Generation 3 / 80 ===
2025-06-05 10:11:31 INFO:   当前变异率: 0.0978
2025-06-05 10:11:31 INFO:   子群体 1/3:
2025-06-05 10:11:31 INFO:     [Ind-1] op_codes: [3, 10, 3, 8, 2, 0, 5, 3, 4, 9, 2, 6, 4, 7, 3, 4, 8, 9, 6, 8, 9], width_codes: [0, 0, 1, 0, 0, 1, 0] | fitness(SWAP): 564932.333
2025-06-05 10:11:32 INFO:     [Ind-2] op_codes: [10, 11, 9, 9, 9, 2, 7, 5, 5, 3, 2, 8, 2, 2, 7, 4, 9, 10, 6, 12, 9], width_codes: [1, 0, 1, 0, 0, 0, 0] | fitness(SWAP): 537910.333
2025-06-05 10:11:32 INFO:     [Ind-3] op_codes: [7, 7, 1, 10, 5, 4, 1, 1, 5, 13, 11, 13, 1, 2, 7, 9, 13, 5, 0, 11, 10], width_codes: [0, 1, 0, 1, 1, 0, 0] | fitness(SWAP): 445298.000
2025-06-05 10:11:32 INFO:     [Ind-4] op_codes: [7, 6, 1, 1, 5, 4, 0, 6, 12, 1, 2, 13, 1, 0, 10, 11, 13, 5, 0, 1, 10], width_codes: [0, 1, 0, 1, 1, 1, 0] | fitness(SWAP): 428538.667
2025-06-05 10:11:33 INFO:     [Ind-5] op_codes: [10, 11, 4, 9, 9, 2, 7, 5, 8, 6, 9, 8, 2, 2, 7, 5, 11, 9, 3, 11, 6], width_codes: [0, 0, 1, 0, 0, 1, 1] | fitness(SWAP): 542656.000
2025-06-05 10:11:33 INFO:     [Ind-6] op_codes: [3, 8, 3, 8, 10, 4, 2, 12, 8, 9, 0, 0, 11, 2, 11, 5, 9, 12, 3, 5, 5], width_codes: [0, 0, 0, 0, 0, 0, 1] | fitness(SWAP): 445991.000
2025-06-05 10:11:33 INFO:     [Ind-7] op_codes: [7, 10, 1, 10, 5, 10, 11, 1, 6, 10, 11, 13, 2, 0, 7, 4, 2, 10, 3, 7, 10], width_codes: [0, 1, 0, 0, 1, 0, 0] | fitness(SWAP): 513057.333
2025-06-05 10:11:34 INFO:     [Ind-8] op_codes: [6, 10, 0, 0, 11, 3, 2, 5, 5, 1, 2, 4, 1, 3, 1, 9, 8, 9, 3, 1, 6], width_codes: [1, 0, 1, 0, 1, 0, 1] | fitness(SWAP): 551487.333
2025-06-05 10:11:34 INFO:     [Ind-9] op_codes: [10, 10, 4, 0, 5, 7, 10, 5, 5, 1, 4, 8, 2, 11, 12, 11, 3, 9, 3, 5, 13], width_codes: [0, 0, 0, 1, 0, 0, 1] | fitness(SWAP): 488638.667
2025-06-05 10:11:34 INFO:     [Ind-10] op_codes: [7, 4, 3, 8, 0, 4, 4, 10, 1, 4, 9, 12, 8, 3, 10, 11, 13, 7, 12, 1, 3], width_codes: [0, 1, 0, 1, 0, 1, 1] | fitness(SWAP): 461821.667
2025-06-05 10:11:35 INFO:     [Ind-11] op_codes: [7, 6, 6, 7, 6, 4, 0, 6, 12, 1, 2, 4, 1, 3, 0, 11, 13, 7, 3, 0, 9], width_codes: [1, 1, 1, 0, 0, 0, 0] | fitness(SWAP): 521082.333
2025-06-05 10:11:35 INFO:     [Ind-12] op_codes: [7, 5, 7, 12, 6, 13, 1, 3, 6, 10, 7, 12, 3, 0, 10, 2, 8, 9, 7, 7, 7], width_codes: [0, 1, 0, 0, 1, 1, 0] | fitness(SWAP): 366283.667
2025-06-05 10:11:35 INFO:     [Ind-13] op_codes: [7, 10, 1, 10, 5, 10, 1, 7, 12, 10, 10, 11, 0, 5, 6, 10, 13, 4, 7, 4, 9], width_codes: [0, 1, 1, 0, 1, 1, 0] | fitness(SWAP): 486025.333
2025-06-05 10:11:36 INFO:     [Ind-14] op_codes: [2, 10, 4, 6, 5, 2, 8, 3, 3, 6, 7, 12, 4, 7, 3, 9, 8, 6, 3, 5, 6], width_codes: [0, 0, 0, 1, 0, 1, 1] | fitness(SWAP): 531142.667
2025-06-05 10:11:36 INFO:     [Ind-15] op_codes: [7, 0, 4, 8, 0, 4, 6, 5, 13, 3, 5, 8, 13, 6, 1, 4, 2, 8, 6, 8, 9], width_codes: [0, 1, 1, 0, 0, 1, 0] | fitness(SWAP): 395888.333
2025-06-05 10:11:36 INFO:     [Ind-16] op_codes: [9, 8, 7, 1, 5, 2, 4, 3, 1, 12, 11, 13, 3, 0, 10, 2, 7, 2, 13, 8, 9], width_codes: [1, 0, 1, 1, 1, 1, 0] | fitness(SWAP): 341817.000
2025-06-05 10:11:36 INFO:     [Ind-17] op_codes: [7, 10, 5, 10, 8, 4, 10, 7, 6, 10, 8, 11, 0, 9, 4, 11, 13, 4, 0, 0, 7], width_codes: [1, 1, 1, 1, 1, 1, 0] | fitness(SWAP): 560967.333
2025-06-05 10:11:37 INFO:     [Ind-18] op_codes: [7, 10, 4, 13, 5, 10, 1, 1, 5, 2, 2, 13, 11, 2, 11, 5, 13, 9, 0, 2, 8], width_codes: [0, 0, 1, 1, 0, 1, 0] | fitness(SWAP): 333777.667
2025-06-05 10:11:37 INFO:     [Ind-19] op_codes: [9, 6, 11, 12, 5, 4, 6, 1, 4, 2, 7, 4, 1, 7, 10, 9, 13, 9, 3, 1, 6], width_codes: [1, 0, 0, 0, 0, 1, 1] | fitness(SWAP): 390453.667
2025-06-05 10:11:37 INFO:     [Ind-20] op_codes: [5, 5, 7, 10, 5, 10, 7, 8, 4, 9, 2, 6, 4, 7, 3, 4, 8, 9, 6, 8, 9], width_codes: [0, 1, 0, 0, 0, 1, 0] | fitness(SWAP): 470426.000
2025-06-05 10:11:38 INFO:     [Ind-21] op_codes: [7, 10, 4, 8, 9, 11, 5, 5, 5, 3, 5, 4, 13, 11, 4, 1, 13, 0, 0, 12, 10], width_codes: [0, 0, 1, 0, 0, 0, 1] | fitness(SWAP): 455066.000
2025-06-05 10:11:38 INFO:     [Ind-22] op_codes: [7, 10, 1, 13, 2, 6, 5, 5, 5, 3, 2, 9, 11, 2, 11, 5, 10, 9, 0, 1, 6], width_codes: [0, 0, 1, 1, 0, 1, 0] | fitness(SWAP): 327551.000
2025-06-05 10:11:38 INFO:     [Ind-23] op_codes: [3, 6, 3, 5, 12, 0, 2, 0, 6, 1, 0, 10, 3, 2, 6, 11, 13, 7, 6, 1, 3], width_codes: [0, 1, 0, 1, 1, 1, 0] | fitness(SWAP): 371734.667
2025-06-05 10:11:39 INFO:     [Ind-24] op_codes: [13, 11, 9, 7, 6, 2, 0, 6, 12, 6, 9, 7, 1, 3, 13, 11, 0, 7, 5, 1, 2], width_codes: [1, 0, 1, 0, 1, 1, 1] | fitness(SWAP): 16064.000
2025-06-05 10:11:39 INFO:     [Ind-25] op_codes: [3, 0, 5, 11, 2, 12, 5, 5, 8, 6, 5, 13, 13, 6, 1, 4, 2, 11, 8, 1, 9], width_codes: [0, 0, 1, 1, 0, 0, 1] | fitness(SWAP): 416023.667
2025-06-05 10:11:39 INFO:     [Ind-26] op_codes: [7, 6, 1, 10, 5, 13, 1, 7, 6, 1, 2, 1, 3, 3, 10, 11, 13, 7, 10, 7, 10], width_codes: [1, 1, 0, 0, 0, 1, 0] | fitness(SWAP): 431105.000
2025-06-05 10:11:40 INFO:     [Ind-27] op_codes: [10, 11, 9, 9, 9, 2, 7, 5, 8, 6, 9, 0, 11, 2, 13, 5, 10, 9, 8, 2, 8], width_codes: [1, 0, 1, 1, 0, 1, 1] | fitness(SWAP): 520553.667
2025-06-05 10:11:40 INFO:     [Ind-28] op_codes: [6, 12, 4, 3, 2, 2, 5, 2, 5, 1, 2, 13, 8, 11, 12, 11, 13, 1, 5, 9, 13], width_codes: [0, 0, 0, 1, 0, 0, 1] | fitness(SWAP): 188973.000
2025-06-05 10:11:40 INFO:     [Ind-29] op_codes: [7, 10, 5, 8, 11, 11, 6, 5, 5, 3, 2, 8, 2, 2, 7, 9, 13, 0, 3, 5, 6], width_codes: [0, 0, 0, 0, 0, 0, 1] | fitness(SWAP): 516317.667
2025-06-05 10:11:40 INFO:     [Ind-30] op_codes: [3, 3, 5, 12, 6, 12, 10, 10, 8, 12, 0, 0, 13, 3, 4, 5, 13, 11, 0, 0, 13], width_codes: [1, 0, 0, 1, 1, 0, 1] | fitness(SWAP): 432446.667
2025-06-05 10:11:41 INFO:     [Ind-31] op_codes: [7, 3, 4, 8, 2, 6, 5, 5, 5, 3, 2, 8, 2, 2, 7, 4, 11, 10, 6, 8, 9], width_codes: [0, 0, 1, 1, 0, 0, 0] | fitness(SWAP): 551106.333
2025-06-05 10:11:41 INFO:     [Ind-32] op_codes: [7, 10, 4, 8, 2, 6, 5, 4, 5, 3, 2, 8, 2, 2, 7, 4, 2, 10, 6, 5, 6], width_codes: [0, 1, 0, 1, 0, 1, 1] | fitness(SWAP): 558798.333
2025-06-05 10:11:41 INFO:     [Ind-33] op_codes: [10, 11, 9, 9, 1, 2, 7, 0, 4, 13, 8, 9, 1, 2, 8, 3, 0, 9, 5, 11, 13], width_codes: [1, 1, 1, 1, 1, 1, 0] | fitness(SWAP): 471786.333
2025-06-05 10:11:41 INFO:     Best in SubPop1: op_codes=[3, 10, 3, 8, 2, 0, 5, 3, 4, 9, 2, 6, 4, 7, 3, 4, 8, 9, 6, 8, 9], width_codes=[0, 0, 1, 0, 0, 1, 0], fit=564932.333
2025-06-05 10:11:41 INFO:   子群体 2/3:
2025-06-05 10:11:41 INFO:     [Ind-1] op_codes: [9, 3, 3, 11, 7, 11, 9, 6, 3, 5, 5, 5, 6, 5, 11, 6, 2, 1, 5, 3, 6], width_codes: [1, 1, 1, 0, 0, 0, 1] | fitness(SWAP): 566379.000
2025-06-05 10:11:42 INFO:     [Ind-2] op_codes: [10, 5, 4, 8, 11, 11, 8, 4, 3, 4, 5, 6, 2, 9, 11, 6, 0, 7, 4, 3, 6], width_codes: [1, 0, 0, 0, 0, 0, 0] | fitness(SWAP): 469202.000
2025-06-05 10:11:42 INFO:     [Ind-3] op_codes: [9, 3, 3, 11, 7, 3, 9, 6, 3, 5, 5, 5, 6, 10, 11, 6, 0, 1, 5, 6, 5], width_codes: [1, 1, 1, 0, 0, 0, 1] | fitness(SWAP): 477354.333
2025-06-05 10:11:42 INFO:     [Ind-4] op_codes: [3, 6, 4, 1, 1, 8, 0, 6, 9, 10, 5, 1, 7, 5, 3, 2, 5, 7, 12, 5, 13], width_codes: [0, 1, 1, 1, 0, 0, 0] | fitness(SWAP): 489505.333
2025-06-05 10:11:43 INFO:     [Ind-5] op_codes: [10, 10, 11, 7, 4, 8, 5, 9, 5, 3, 13, 2, 9, 10, 11, 3, 9, 12, 10, 4, 0], width_codes: [1, 0, 1, 0, 0, 0, 1] | fitness(SWAP): 520481.333
2025-06-05 10:11:43 INFO:     [Ind-6] op_codes: [10, 5, 0, 11, 5, 10, 7, 7, 1, 5, 6, 8, 6, 6, 11, 7, 10, 7, 12, 3, 10], width_codes: [1, 0, 0, 0, 0, 0, 0] | fitness(SWAP): 518671.333
2025-06-05 10:11:43 INFO:     [Ind-7] op_codes: [10, 5, 0, 11, 5, 12, 7, 7, 1, 6, 10, 1, 7, 13, 2, 2, 11, 6, 12, 1, 2], width_codes: [0, 0, 0, 0, 0, 1, 0] | fitness(SWAP): 443956.000
2025-06-05 10:11:44 INFO:     [Ind-8] op_codes: [3, 10, 11, 7, 3, 8, 5, 9, 5, 9, 13, 2, 9, 10, 11, 3, 9, 12, 6, 5, 6], width_codes: [0, 1, 1, 0, 1, 1, 1] | fitness(SWAP): 487913.333
