2025-06-16 10:40:27 INFO: Namespace(batch_size=128, epochs=200, lr=0.1, weight_decay=4e-05, no_cuda=False, seed=1, log_path='./logs/imagenet_mbv2')
2025-06-16 10:44:14 INFO: Starting training...
2025-06-16 10:44:18 INFO: [*]Train Epoch0 (0/10010): 0/128 (0.00%)
2025-06-16 10:45:25 INFO: [*]Train Epoch0 (200/10010): 64/25728 (0.25%)
2025-06-16 10:46:33 INFO: [*]Train Epoch0 (400/10010): 200/51328 (0.39%)
2025-06-16 10:47:40 INFO: [*]Train Epoch0 (600/10010): 404/76928 (0.53%)
2025-06-16 10:48:50 INFO: [*]Train Epoch0 (800/10010): 702/102528 (0.68%)
2025-06-16 10:49:57 INFO: [*]Train Epoch0 (1000/10010): 1057/128128 (0.82%)
2025-06-16 10:51:04 INFO: [*]Train Epoch0 (1200/10010): 1513/153728 (0.98%)
2025-06-16 10:52:11 INFO: [*]Train Epoch0 (1400/10010): 2029/179328 (1.13%)
2025-06-16 10:53:19 INFO: [*]Train Epoch0 (1600/10010): 2734/204928 (1.33%)
2025-06-16 10:54:27 INFO: [*]Train Epoch0 (1800/10010): 3581/230528 (1.55%)
2025-06-16 10:55:34 INFO: [*]Train Epoch0 (2000/10010): 4517/256128 (1.76%)
2025-06-16 10:56:42 INFO: [*]Train Epoch0 (2200/10010): 5556/281728 (1.97%)
2025-06-16 10:57:50 INFO: [*]Train Epoch0 (2400/10010): 6698/307328 (2.18%)
2025-06-16 10:58:58 INFO: [*]Train Epoch0 (2600/10010): 8006/332928 (2.40%)
2025-06-16 11:00:06 INFO: [*]Train Epoch0 (2800/10010): 9470/358528 (2.64%)
2025-06-16 11:01:13 INFO: [*]Train Epoch0 (3000/10010): 11046/384128 (2.88%)
2025-06-16 11:02:21 INFO: [*]Train Epoch0 (3200/10010): 12750/409728 (3.11%)
2025-06-16 11:03:30 INFO: [*]Train Epoch0 (3400/10010): 14585/435328 (3.35%)
2025-06-16 11:04:39 INFO: [*]Train Epoch0 (3600/10010): 16477/460928 (3.57%)
2025-06-16 11:05:47 INFO: [*]Train Epoch0 (3800/10010): 18510/486528 (3.80%)
2025-06-16 11:06:55 INFO: [*]Train Epoch0 (4000/10010): 20638/512128 (4.03%)
2025-06-16 11:08:02 INFO: [*]Train Epoch0 (4200/10010): 22859/537728 (4.25%)
2025-06-16 11:09:11 INFO: [*]Train Epoch0 (4400/10010): 25439/563328 (4.52%)
2025-06-16 11:10:19 INFO: [*]Train Epoch0 (4600/10010): 28010/588928 (4.76%)
2025-06-16 11:11:27 INFO: [*]Train Epoch0 (4800/10010): 30845/614528 (5.02%)
2025-06-16 11:12:36 INFO: [*]Train Epoch0 (5000/10010): 33712/640128 (5.27%)
2025-06-16 11:13:44 INFO: [*]Train Epoch0 (5200/10010): 36840/665728 (5.53%)
2025-06-16 11:14:52 INFO: [*]Train Epoch0 (5400/10010): 39956/691328 (5.78%)
2025-06-16 11:15:59 INFO: [*]Train Epoch0 (5600/10010): 43273/716928 (6.04%)
2025-06-16 11:17:07 INFO: [*]Train Epoch0 (5800/10010): 46651/742528 (6.28%)
2025-06-16 11:18:15 INFO: [*]Train Epoch0 (6000/10010): 50199/768128 (6.54%)
2025-06-16 11:19:23 INFO: [*]Train Epoch0 (6200/10010): 53931/793728 (6.79%)
2025-06-16 11:20:30 INFO: [*]Train Epoch0 (6400/10010): 57647/819328 (7.04%)
2025-06-16 11:21:38 INFO: [*]Train Epoch0 (6600/10010): 61403/844928 (7.27%)
2025-06-16 11:22:50 INFO: [*]Train Epoch0 (6800/10010): 65505/870528 (7.52%)
2025-06-16 11:25:00 INFO: [*]Train Epoch0 (7000/10010): 69565/896128 (7.76%)
2025-06-16 11:26:13 INFO: [*]Train Epoch0 (7200/10010): 73876/921728 (8.01%)
2025-06-16 11:27:23 INFO: [*]Train Epoch0 (7400/10010): 78290/947328 (8.26%)
2025-06-16 11:28:33 INFO: [*]Train Epoch0 (7600/10010): 82697/972928 (8.50%)
2025-06-16 11:29:40 INFO: [*]Train Epoch0 (7800/10010): 87315/998528 (8.74%)
2025-06-16 11:30:48 INFO: [*]Train Epoch0 (8000/10010): 92011/1024128 (8.98%)
2025-06-16 11:31:55 INFO: [*]Train Epoch0 (8200/10010): 96890/1049728 (9.23%)
2025-06-16 11:33:03 INFO: [*]Train Epoch0 (8400/10010): 101804/1075328 (9.47%)
2025-06-16 11:34:12 INFO: [*]Train Epoch0 (8600/10010): 106713/1100928 (9.69%)
2025-06-16 11:35:21 INFO: [*]Train Epoch0 (8800/10010): 111633/1126528 (9.91%)
2025-06-16 11:36:28 INFO: [*]Train Epoch0 (9000/10010): 116646/1152128 (10.12%)
2025-06-16 11:37:36 INFO: [*]Train Epoch0 (9200/10010): 121851/1177728 (10.35%)
2025-06-16 11:38:43 INFO: [*]Train Epoch0 (9400/10010): 127016/1203328 (10.56%)
2025-06-16 11:39:51 INFO: [*]Train Epoch0 (9600/10010): 132348/1228928 (10.77%)
2025-06-16 11:40:58 INFO: [*]Train Epoch0 (9800/10010): 137823/1254528 (10.99%)
2025-06-16 11:42:06 INFO: [*]Train Epoch0 (10000/10010): 143331/1280128 (11.20%)
2025-06-16 11:44:28 INFO: [*]Save best model~ Epoch: {epoch+1}
2025-06-16 11:44:29 INFO: Epoch [1/200] | Loss=5.302, Train@1=11.21%, Test@1=24.59%, Test@5=49.05%
2025-06-16 11:44:31 INFO: [*]Train Epoch1 (0/10010): 39/128 (30.47%)
2025-06-16 11:45:34 INFO: [*]Train Epoch1 (200/10010): 5641/25728 (21.93%)
2025-06-16 11:46:38 INFO: [*]Train Epoch1 (400/10010): 11412/51328 (22.23%)
2025-06-16 11:47:43 INFO: [*]Train Epoch1 (600/10010): 17262/76928 (22.44%)
2025-06-16 11:48:47 INFO: [*]Train Epoch1 (800/10010): 23077/102528 (22.51%)
2025-06-16 11:49:52 INFO: [*]Train Epoch1 (1000/10010): 28964/128128 (22.61%)
2025-06-16 11:50:57 INFO: [*]Train Epoch1 (1200/10010): 34927/153728 (22.72%)
2025-06-16 11:52:02 INFO: [*]Train Epoch1 (1400/10010): 40943/179328 (22.83%)
2025-06-16 11:53:09 INFO: [*]Train Epoch1 (1600/10010): 47117/204928 (22.99%)
2025-06-16 11:54:15 INFO: [*]Train Epoch1 (1800/10010): 53275/230528 (23.11%)
2025-06-16 11:55:21 INFO: [*]Train Epoch1 (2000/10010): 59449/256128 (23.21%)
2025-06-16 11:56:26 INFO: [*]Train Epoch1 (2200/10010): 65778/281728 (23.35%)
2025-06-16 11:57:32 INFO: [*]Train Epoch1 (2400/10010): 72143/307328 (23.47%)
2025-06-16 11:58:36 INFO: [*]Train Epoch1 (2600/10010): 78660/332928 (23.63%)
2025-06-16 11:59:42 INFO: [*]Train Epoch1 (2800/10010): 85028/358528 (23.72%)
2025-06-16 12:00:48 INFO: [*]Train Epoch1 (3000/10010): 91530/384128 (23.83%)
2025-06-16 12:01:54 INFO: [*]Train Epoch1 (3200/10010): 98091/409728 (23.94%)
2025-06-16 12:03:00 INFO: [*]Train Epoch1 (3400/10010): 104745/435328 (24.06%)
2025-06-16 12:04:06 INFO: [*]Train Epoch1 (3600/10010): 111364/460928 (24.16%)
2025-06-16 12:05:11 INFO: [*]Train Epoch1 (3800/10010): 118208/486528 (24.30%)
2025-06-16 12:06:19 INFO: [*]Train Epoch1 (4000/10010): 124977/512128 (24.40%)
2025-06-16 12:07:24 INFO: [*]Train Epoch1 (4200/10010): 131883/537728 (24.53%)
2025-06-16 12:08:29 INFO: [*]Train Epoch1 (4400/10010): 138774/563328 (24.63%)
2025-06-16 12:09:36 INFO: [*]Train Epoch1 (4600/10010): 145591/588928 (24.72%)
2025-06-16 12:10:42 INFO: [*]Train Epoch1 (4800/10010): 152554/614528 (24.82%)
2025-06-16 12:11:49 INFO: [*]Train Epoch1 (5000/10010): 159530/640128 (24.92%)
2025-06-16 12:12:58 INFO: [*]Train Epoch1 (5200/10010): 166659/665728 (25.03%)
2025-06-16 12:14:04 INFO: [*]Train Epoch1 (5400/10010): 173621/691328 (25.11%)
2025-06-16 12:15:10 INFO: [*]Train Epoch1 (5600/10010): 180687/716928 (25.20%)
2025-06-16 12:16:17 INFO: [*]Train Epoch1 (5800/10010): 187844/742528 (25.30%)
2025-06-16 12:17:24 INFO: [*]Train Epoch1 (6000/10010): 195244/768128 (25.42%)
2025-06-16 12:18:31 INFO: [*]Train Epoch1 (6200/10010): 202529/793728 (25.52%)
2025-06-16 12:19:38 INFO: [*]Train Epoch1 (6400/10010): 209774/819328 (25.60%)
2025-06-16 12:20:45 INFO: [*]Train Epoch1 (6600/10010): 217099/844928 (25.69%)
2025-06-16 12:21:51 INFO: [*]Train Epoch1 (6800/10010): 224536/870528 (25.79%)
2025-06-16 12:22:58 INFO: [*]Train Epoch1 (7000/10010): 231998/896128 (25.89%)
2025-06-16 12:24:07 INFO: [*]Train Epoch1 (7200/10010): 239392/921728 (25.97%)
2025-06-16 12:25:14 INFO: [*]Train Epoch1 (7400/10010): 246885/947328 (26.06%)
2025-06-16 12:26:21 INFO: [*]Train Epoch1 (7600/10010): 254318/972928 (26.14%)
2025-06-16 12:27:28 INFO: [*]Train Epoch1 (7800/10010): 261833/998528 (26.22%)
2025-06-16 12:28:35 INFO: [*]Train Epoch1 (8000/10010): 269526/1024128 (26.32%)
2025-06-16 12:29:43 INFO: [*]Train Epoch1 (8200/10010): 277070/1049728 (26.39%)
2025-06-16 12:30:51 INFO: [*]Train Epoch1 (8400/10010): 284704/1075328 (26.48%)
2025-06-16 12:31:59 INFO: [*]Train Epoch1 (8600/10010): 292389/1100928 (26.56%)
2025-06-16 12:33:06 INFO: [*]Train Epoch1 (8800/10010): 300111/1126528 (26.64%)
